commit 3248022c5c2d27cec988726308d3d68940f8b770
Author: diogo885 <diogoomartins116@gmail.com>
Date:   Fri May 22 12:08:34 2026 +0000

    g1e4

commit 5fdb8bd17a739615a8f7ce4878bf5b4c90e3b41a
Author: diogo885 <diogoomartins116@gmail.com>
Date:   Fri May 22 11:48:09 2026 +0000

    1

commit dbe5dbaa118697e2ea2d738fd1583ba370e990b9
Author: diogo885 <diogoomartins116@gmail.com>
Date:   Fri May 22 11:37:22 2026 +0000

    g1e3

commit 80e2b741ca1132b18350b9f812cb392c50d753b7
Author: diogo885 <diogoomartins116@gmail.com>
Date:   Fri May 22 11:25:16 2026 +0000

    html1

commit 05b2fe8e461cda0daf91f7b4e0e1711a20da9bac
Author: diogo885 <diogoomartins116@gmail.com>
Date:   Thu May 21 23:56:23 2026 +0000

    Criação da estrutura inicial de diretórios do projeto

commit 6dd033dd3c17858c991e0e0e6bedef2d2a634a81
Author: diogo885 <diogoomartins116@gmail.com>
Date:   Fri May 15 12:09:33 2026 +0100

    Initial commit
